2023-06-18 14:50:02,168 [INFO] Activator:176 - 


2023-06-18 14:50:02,171 [INFO] Activator:177 - !SESSION log4j initialized
2023-06-18 14:50:07,135 [INFO] LogOutputStream:77 - [STDOUT_REDIRECT] 
2023-06-18 14:50:28,625 [ERROR] LogOutputStream:75 - [STDERR_REDIRECT] SLF4J: Failed to load class "org.slf4j.impl.StaticLoggerBinder".
2023-06-18 14:50:28,626 [ERROR] LogOutputStream:75 - [STDERR_REDIRECT] SLF4J: Defaulting to no-operation (NOP) logger implementation
2023-06-18 14:50:28,627 [ERROR] LogOutputStream:75 - [STDERR_REDIRECT] SLF4J: See http://www.slf4j.org/codes.html#StaticLoggerBinder for further details.
2023-06-18 14:50:33,092 [ERROR] LogOutputStream:75 - [STDERR_REDIRECT] Exception in thread "Timer-3" java.lang.SecurityException: Could not lock User prefs. Lock file access denied.
2023-06-18 14:50:33,094 [ERROR] LogOutputStream:75 - [STDERR_REDIRECT] 	at java.prefs/java.util.prefs.FileSystemPreferences.checkLockFile0ErrorCode(FileSystemPreferences.java:956)
2023-06-18 14:50:33,096 [ERROR] LogOutputStream:75 - [STDERR_REDIRECT] 	at java.prefs/java.util.prefs.FileSystemPreferences.lockFile(FileSystemPreferences.java:944)
2023-06-18 14:50:33,097 [ERROR] LogOutputStream:75 - [STDERR_REDIRECT] 	at java.prefs/java.util.prefs.FileSystemPreferences.sync(FileSystemPreferences.java:748)
2023-06-18 14:50:33,099 [ERROR] LogOutputStream:75 - [STDERR_REDIRECT] 	at java.prefs/java.util.prefs.FileSystemPreferences.flush(FileSystemPreferences.java:843)
2023-06-18 14:50:33,100 [ERROR] LogOutputStream:75 - [STDERR_REDIRECT] 	at java.prefs/java.util.prefs.FileSystemPreferences.syncWorld(FileSystemPreferences.java:483)
2023-06-18 14:50:33,102 [ERROR] LogOutputStream:75 - [STDERR_REDIRECT] 	at java.prefs/java.util.prefs.FileSystemPreferences$3.run(FileSystemPreferences.java:450)
2023-06-18 14:50:33,103 [ERROR] LogOutputStream:75 - [STDERR_REDIRECT] 	at java.base/java.util.TimerThread.mainLoop(Timer.java:556)
2023-06-18 14:50:33,105 [ERROR] LogOutputStream:75 - [STDERR_REDIRECT] 	at java.base/java.util.TimerThread.run(Timer.java:506)
2023-06-18 14:51:16,877 [INFO] ApplicationProperties:184 - Using Application install path: /opt/st/stm32cubeide_1.12.1/plugins/com.st.stm32cube.common.mx_6.8.1.202304191431
2023-06-18 14:51:16,904 [INFO] DbMcusXml:78 - Set database path to: /opt/st/stm32cubeide_1.12.1/plugins/com.st.stm32cube.common.mx_6.8.1.202304191431//db//mcu/
2023-06-18 14:51:16,905 [INFO] ApiDb:274 - Set plugin database path to: /opt/st/stm32cubeide_1.12.1/plugins/com.st.stm32cube.common.mx_6.8.1.202304191431//db//plugins/boardmanager/
2023-06-18 14:51:16,909 [WARN] ApiDb:259 - Overriding images path with different value:  => /opt/st/stm32cubeide_1.12.1/plugins/com.st.stm32cube.common.mx_6.8.1.202304191431//db//plugins/mcufinder/images/
2023-06-18 14:51:16,934 [INFO] ApiDb:250 - Set database path to: /home/akane/.stmcufinder/plugins/mcufinder//mcu/
2023-06-18 14:51:16,936 [INFO] DbMcusAds:125 - Set database path to: /home/akane/.stmcufinder/plugins/mcufinder//mcu/
2023-06-18 14:51:17,014 [INFO] CrossReferenceDbSqlite:203 - Set database path to: /home/akane/.stmcufinder/plugins/mcufinder//mcu/cs/
2023-06-18 14:51:17,290 [INFO] RulesReader:64 - Compatibility file has been processed (293 Rules)
2023-06-18 14:51:17,439 [INFO] DbMcusXml:78 - Set database path to: /opt/st/stm32cubeide_1.12.1/plugins/com.st.stm32cube.common.mx_6.8.1.202304191431//db//mcu/
2023-06-18 14:51:17,440 [INFO] ApiDb:274 - Set plugin database path to: /opt/st/stm32cubeide_1.12.1/plugins/com.st.stm32cube.common.mx_6.8.1.202304191431//db//plugins/boardmanager/
2023-06-18 14:51:17,440 [INFO] ApiDb:261 - Set plugin images path to: /opt/st/stm32cubeide_1.12.1/plugins/com.st.stm32cube.common.mx_6.8.1.202304191431//db//plugins/mcufinder/images/
2023-06-18 14:51:17,441 [WARN] DbFile:41 - Overriding database path with different value: /home/akane/.stmcufinder/plugins/mcufinder/ => /home/akane/.stmcufinder/plugins/mcufinder
2023-06-18 14:51:17,441 [INFO] ApiDb:250 - Set database path to: /home/akane/.stmcufinder/plugins/mcufinder//mcu/
2023-06-18 14:51:17,442 [WARN] DbFile:41 - Overriding database path with different value: /home/akane/.stmcufinder/plugins/mcufinder/ => /home/akane/.stmcufinder/plugins/mcufinder
2023-06-18 14:51:17,442 [INFO] DbMcusAds:125 - Set database path to: /home/akane/.stmcufinder/plugins/mcufinder//mcu/
2023-06-18 14:51:17,442 [WARN] DbFile:41 - Overriding database path with different value: /home/akane/.stmcufinder/plugins/mcufinder/ => /home/akane/.stmcufinder/plugins/mcufinder
2023-06-18 14:51:17,442 [WARN] DbFile:41 - Overriding database path with different value: /home/akane/.stmcufinder/plugins/mcufinder/ => /home/akane/.stmcufinder/plugins/mcufinder
2023-06-18 14:51:17,443 [INFO] CrossReferenceDbSqlite:203 - Set database path to: /home/akane/.stmcufinder/plugins/mcufinder//mcu/cs/
2023-06-18 14:51:17,592 [INFO] MainPanel:253 - HeapMemory: 310378496
2023-06-18 14:51:17,814 [INFO] DbMcusXml:78 - Set database path to: /opt/st/stm32cubeide_1.12.1/plugins/com.st.stm32cube.common.mx_6.8.1.202304191431//db//mcu/
2023-06-18 14:51:17,814 [INFO] ApiDb:274 - Set plugin database path to: /opt/st/stm32cubeide_1.12.1/plugins/com.st.stm32cube.common.mx_6.8.1.202304191431//db//plugins/boardmanager/
2023-06-18 14:51:17,814 [INFO] ApiDb:261 - Set plugin images path to: /opt/st/stm32cubeide_1.12.1/plugins/com.st.stm32cube.common.mx_6.8.1.202304191431//db//plugins/mcufinder/images/
2023-06-18 14:51:17,815 [WARN] DbFile:41 - Overriding database path with different value: /home/akane/.stmcufinder/plugins/mcufinder/ => /home/akane/.stmcufinder/plugins/mcufinder
2023-06-18 14:51:17,816 [INFO] ApiDb:250 - Set database path to: /home/akane/.stmcufinder/plugins/mcufinder//mcu/
2023-06-18 14:51:17,816 [WARN] DbFile:41 - Overriding database path with different value: /home/akane/.stmcufinder/plugins/mcufinder/ => /home/akane/.stmcufinder/plugins/mcufinder
2023-06-18 14:51:17,816 [INFO] DbMcusAds:125 - Set database path to: /home/akane/.stmcufinder/plugins/mcufinder//mcu/
2023-06-18 14:51:17,816 [WARN] DbFile:41 - Overriding database path with different value: /home/akane/.stmcufinder/plugins/mcufinder/ => /home/akane/.stmcufinder/plugins/mcufinder
2023-06-18 14:51:17,816 [WARN] DbFile:41 - Overriding database path with different value: /home/akane/.stmcufinder/plugins/mcufinder/ => /home/akane/.stmcufinder/plugins/mcufinder
2023-06-18 14:51:17,817 [INFO] CrossReferenceDbSqlite:203 - Set database path to: /home/akane/.stmcufinder/plugins/mcufinder//mcu/cs/
2023-06-18 14:51:17,850 [INFO] ApplicationProperties:184 - Using Application install path: /opt/st/stm32cubeide_1.12.1/plugins/com.st.stm32cube.common.mx_6.8.1.202304191431
2023-06-18 14:51:17,854 [INFO] PluginManage:196 - Search for loadable plugins [exclusion list=, ]
2023-06-18 14:51:17,857 [INFO] PluginManage:310 - Check plugin analytics
2023-06-18 14:51:18,259 [INFO] AnalyticsPlugin:253 - Accepted Software Licenses: 
2023-06-18 14:51:18,260 [INFO] AnalyticsPlugin:255 - Accepted CMSIS Pack Licenses: 
2023-06-18 14:51:18,260 [INFO] AnalyticsPlugin:257 - Accepted Firmware Licenses: 
2023-06-18 14:51:18,282 [INFO] PluginManage:359 - Loaded plugin analytics (category:tool,tabindex:-1)
2023-06-18 14:51:18,282 [INFO] PluginManage:310 - Check plugin cadmodel
2023-06-18 14:51:18,593 [INFO] CADModel:105 - Init CAD model plugin
2023-06-18 14:51:18,594 [INFO] PluginManage:359 - Loaded plugin cadmodel (category:power,tabindex:5)
2023-06-18 14:51:18,594 [INFO] PluginManage:310 - Check plugin clock
2023-06-18 14:51:18,628 [INFO] PluginManage:359 - Loaded plugin clock (category:base,tabindex:2)
2023-06-18 14:51:18,628 [INFO] PluginManage:310 - Check plugin ddr
2023-06-18 14:51:18,632 [INFO] PluginManage:359 - Loaded plugin ddr (category:tool,tabindex:6)
2023-06-18 14:51:18,632 [INFO] PluginManage:310 - Check plugin filemanager
2023-06-18 14:51:19,073 [INFO] PluginManage:359 - Loaded plugin filemanager (category:base,tabindex:10)
2023-06-18 14:51:19,073 [INFO] PluginManage:310 - Check plugin ipmanager
2023-06-18 14:51:19,087 [INFO] PluginManage:359 - Loaded plugin ipmanager (category:base,tabindex:5)
2023-06-18 14:51:19,087 [INFO] PluginManage:310 - Check plugin lpbam
2023-06-18 14:51:19,106 [INFO] PluginManage:359 - Loaded plugin lpbam (category:base,tabindex:0)
2023-06-18 14:51:19,106 [INFO] PluginManage:310 - Check plugin pinoutandconfiguration
2023-06-18 14:51:19,126 [INFO] PluginManage:359 - Loaded plugin pinoutandconfiguration (category:base,tabindex:1)
2023-06-18 14:51:19,126 [INFO] PluginManage:310 - Check plugin pinoutconfig
2023-06-18 14:51:19,309 [WARN] SupportedApi:132 - Cannot load RTOS API schema: s4s-elt-must-match.1: The content of 'definitions' must match (annotation?, (simpleType | complexType)?, (unique | key | keyref)*)). A problem was found starting at: attribute.
2023-06-18 14:51:19,579 [INFO] PluginManage:359 - Loaded plugin pinoutconfig (category:base,tabindex:0)
2023-06-18 14:51:19,580 [INFO] PluginManage:310 - Check plugin power
2023-06-18 14:51:19,627 [INFO] PluginManage:359 - Loaded plugin power (category:power,tabindex:4)
2023-06-18 14:51:19,628 [INFO] PluginManage:310 - Check plugin projectmanager
2023-06-18 14:51:19,656 [INFO] PluginManage:359 - Loaded plugin projectmanager (category:projectmanager,tabindex:3)
2023-06-18 14:51:19,656 [INFO] PluginManage:310 - Check plugin thirdparty
2023-06-18 14:51:19,846 [WARN] IntegrityCheckThread:84 - waiting for thirdparty lock release [integrity check]
2023-06-18 14:51:19,847 [INFO] PluginManage:359 - Loaded plugin thirdparty (category:base,tabindex:-1)
2023-06-18 14:51:19,847 [INFO] IntegrityCheckThread:86 - entering critical section [integrity check]
2023-06-18 14:51:19,848 [INFO] PluginManage:310 - Check plugin tools
2023-06-18 14:51:19,851 [INFO] PluginManage:359 - Loaded plugin tools (category:base,tabindex:7)
2023-06-18 14:51:19,851 [INFO] PluginManage:310 - Check plugin tutovideos
2023-06-18 14:51:19,852 [INFO] ThirdPartyUpdaterWithRetryManager:70 - Updater plugin not ready yet. [1/15]
2023-06-18 14:51:20,262 [INFO] PluginManage:359 - Loaded plugin tutovideos (category:base,tabindex:-1)
2023-06-18 14:51:20,262 [INFO] PluginManage:310 - Check plugin updater
2023-06-18 14:51:20,283 [INFO] PluginManage:359 - Loaded plugin updater (category:base,tabindex:12)
2023-06-18 14:51:20,284 [INFO] PluginManage:283 - PluginManage : Loaded plugins [15]
2023-06-18 14:51:20,619 [INFO] PinOutPanel:1499 - setPackage(No Configuration,No Configuration)
2023-06-18 14:51:20,704 [INFO] CADModel:165 - CPN selected for project level
2023-06-18 14:51:20,705 [INFO] CADModel:114 - Register for checkConnection events
2023-06-18 14:51:20,725 [INFO] IPUIPlugin:80 - create IPUIPlugin
2023-06-18 14:51:20,725 [INFO] PluginManager:220 - loadIPPluginJar : add can
2023-06-18 14:51:20,735 [INFO] IPUIPlugin:80 - create IPUIPlugin
2023-06-18 14:51:20,736 [INFO] PluginManager:220 - loadIPPluginJar : add mdma
2023-06-18 14:51:20,741 [INFO] IPUIPlugin:80 - create IPUIPlugin
2023-06-18 14:51:20,742 [INFO] PluginManager:220 - loadIPPluginJar : add nvic
2023-06-18 14:51:20,745 [INFO] IPUIPlugin:80 - create IPUIPlugin
2023-06-18 14:51:20,745 [INFO] PluginManager:220 - loadIPPluginJar : add ts
2023-06-18 14:51:20,756 [INFO] IPUIPlugin:80 - create IPUIPlugin
2023-06-18 14:51:20,756 [INFO] PluginManager:220 - loadIPPluginJar : add stm32_wpan
2023-06-18 14:51:20,759 [INFO] IPUIPlugin:80 - create IPUIPlugin
2023-06-18 14:51:20,759 [INFO] PluginManager:220 - loadIPPluginJar : add tsc
2023-06-18 14:51:20,763 [INFO] IPUIPlugin:80 - create IPUIPlugin
2023-06-18 14:51:20,763 [INFO] PluginManager:220 - loadIPPluginJar : add dma3
2023-06-18 14:51:20,766 [INFO] IPUIPlugin:80 - create IPUIPlugin
2023-06-18 14:51:20,767 [INFO] PluginManager:220 - loadIPPluginJar : add dfsdm
2023-06-18 14:51:20,769 [INFO] IPUIPlugin:80 - create IPUIPlugin
2023-06-18 14:51:20,769 [INFO] PluginManager:220 - loadIPPluginJar : add quadspi
2023-06-18 14:51:20,772 [INFO] IPUIPlugin:80 - create IPUIPlugin
2023-06-18 14:51:20,773 [INFO] PluginManager:220 - loadIPPluginJar : add gfxmmu
2023-06-18 14:51:20,777 [INFO] IPUIPlugin:80 - create IPUIPlugin
2023-06-18 14:51:20,777 [INFO] PluginManager:220 - loadIPPluginJar : add ipddr
2023-06-18 14:51:20,784 [INFO] IPUIPlugin:80 - create IPUIPlugin
2023-06-18 14:51:20,785 [INFO] PluginManager:220 - loadIPPluginJar : add gic
2023-06-18 14:51:20,787 [INFO] IPUIPlugin:80 - create IPUIPlugin
2023-06-18 14:51:20,787 [INFO] PluginManager:220 - loadIPPluginJar : add tim
2023-06-18 14:51:20,793 [INFO] IPUIPlugin:80 - create IPUIPlugin
2023-06-18 14:51:20,793 [INFO] PluginManager:220 - loadIPPluginJar : add gpio
2023-06-18 14:51:20,796 [INFO] IPUIPlugin:80 - create IPUIPlugin
2023-06-18 14:51:20,796 [INFO] PluginManager:220 - loadIPPluginJar : add usart
2023-06-18 14:51:20,799 [INFO] IPUIPlugin:80 - create IPUIPlugin
2023-06-18 14:51:20,799 [INFO] PluginManager:220 - loadIPPluginJar : add ucpd
2023-06-18 14:51:20,803 [INFO] IPUIPlugin:80 - create IPUIPlugin
2023-06-18 14:51:20,803 [INFO] PluginManager:220 - loadIPPluginJar : add usbx
2023-06-18 14:51:20,807 [INFO] IPUIPlugin:80 - create IPUIPlugin
2023-06-18 14:51:20,808 [INFO] PluginManager:220 - loadIPPluginJar : add resmgrutility
2023-06-18 14:51:20,811 [INFO] IPUIPlugin:80 - create IPUIPlugin
2023-06-18 14:51:20,812 [INFO] PluginManager:220 - loadIPPluginJar : add i2s
2023-06-18 14:51:20,816 [INFO] IPUIPlugin:80 - create IPUIPlugin
2023-06-18 14:51:20,817 [INFO] PluginManager:220 - loadIPPluginJar : add opamp
2023-06-18 14:51:20,822 [INFO] IPUIPlugin:80 - create IPUIPlugin
2023-06-18 14:51:20,822 [INFO] PluginManager:220 - loadIPPluginJar : add touchsensing
2023-06-18 14:51:20,824 [INFO] IPUIPlugin:80 - create IPUIPlugin
2023-06-18 14:51:20,824 [INFO] PluginManager:220 - loadIPPluginJar : add comp
2023-06-18 14:51:20,827 [INFO] IPUIPlugin:80 - create IPUIPlugin
2023-06-18 14:51:20,827 [INFO] PluginManager:220 - loadIPPluginJar : add aes
2023-06-18 14:51:20,830 [INFO] IPUIPlugin:80 - create IPUIPlugin
2023-06-18 14:51:20,830 [INFO] PluginManager:220 - loadIPPluginJar : add cryp
2023-06-18 14:51:20,833 [INFO] IPUIPlugin:80 - create IPUIPlugin
2023-06-18 14:51:20,833 [INFO] PluginManager:220 - loadIPPluginJar : add spi
2023-06-18 14:51:20,835 [INFO] IPUIPlugin:80 - create IPUIPlugin
2023-06-18 14:51:20,835 [INFO] PluginManager:220 - loadIPPluginJar : add fatfs
2023-06-18 14:51:20,838 [INFO] IPUIPlugin:80 - create IPUIPlugin
2023-06-18 14:51:20,838 [INFO] PluginManager:220 - loadIPPluginJar : add i3c
2023-06-18 14:51:20,844 [INFO] IPUIPlugin:80 - create IPUIPlugin
2023-06-18 14:51:20,844 [INFO] PluginManager:220 - loadIPPluginJar : add fmc
2023-06-18 14:51:20,846 [INFO] IPUIPlugin:80 - create IPUIPlugin
2023-06-18 14:51:20,846 [INFO] PluginManager:220 - loadIPPluginJar : add ltdc
2023-06-18 14:51:20,854 [INFO] IPUIPlugin:80 - create IPUIPlugin
2023-06-18 14:51:20,855 [INFO] PluginManager:220 - loadIPPluginJar : add linkedlist
2023-06-18 14:51:20,857 [INFO] IPUIPlugin:80 - create IPUIPlugin
2023-06-18 14:51:20,857 [INFO] PluginManager:220 - loadIPPluginJar : add tracer_emb
2023-06-18 14:51:20,865 [INFO] IPUIPlugin:80 - create IPUIPlugin
2023-06-18 14:51:20,869 [INFO] PluginManager:220 - loadIPPluginJar : add plateformsettings
2023-06-18 14:51:20,876 [INFO] IPUIPlugin:80 - create IPUIPlugin
2023-06-18 14:51:20,877 [INFO] PluginManager:220 - loadIPPluginJar : add adc
2023-06-18 14:51:20,880 [INFO] IPUIPlugin:80 - create IPUIPlugin
2023-06-18 14:51:20,881 [INFO] PluginManager:220 - loadIPPluginJar : add openamp
2023-06-18 14:51:20,888 [INFO] IPUIPlugin:80 - create IPUIPlugin
2023-06-18 14:51:20,889 [INFO] PluginManager:220 - loadIPPluginJar : add dma
2023-06-18 14:51:20,893 [INFO] IPUIPlugin:80 - create IPUIPlugin
2023-06-18 14:51:20,893 [INFO] PluginManager:220 - loadIPPluginJar : add gtzc
2023-06-18 14:51:20,897 [INFO] IPUIPlugin:80 - create IPUIPlugin
2023-06-18 14:51:20,897 [INFO] PluginManager:220 - loadIPPluginJar : add hash
2023-06-18 14:51:20,899 [INFO] IPUIPlugin:80 - create IPUIPlugin
2023-06-18 14:51:20,899 [INFO] PluginManager:220 - loadIPPluginJar : add genericplugin
2023-06-18 14:51:20,902 [INFO] IPUIPlugin:80 - create IPUIPlugin
2023-06-18 14:51:20,902 [INFO] PluginManager:220 - loadIPPluginJar : add lorawan
2023-06-18 14:51:20,909 [INFO] IPUIPlugin:80 - create IPUIPlugin
2023-06-18 14:51:20,909 [INFO] PluginManager:220 - loadIPPluginJar : add freertos
2023-06-18 14:51:20,913 [INFO] IPUIPlugin:80 - create IPUIPlugin
2023-06-18 14:51:20,913 [INFO] PluginManager:220 - loadIPPluginJar : add i2c
2023-06-18 14:51:20,917 [INFO] IPUIPlugin:80 - create IPUIPlugin
2023-06-18 14:51:20,917 [INFO] PluginManager:220 - loadIPPluginJar : add sai
2023-06-18 14:51:20,920 [INFO] IPUIPlugin:80 - create IPUIPlugin
2023-06-18 14:51:20,920 [INFO] PluginManager:220 - loadIPPluginJar : add pdm2pcm
2023-06-18 14:51:21,049 [INFO] CADModel:165 - CPN selected for project level
2023-06-18 14:51:21,050 [INFO] CADModel:114 - Register for checkConnection events
2023-06-18 14:51:21,050 [FATAL] Updater:308 - Updater called before beeing initialized
2023-06-18 14:51:21,050 [ERROR] CADModel:125 - Updater not yet initialized, retry later 
2023-06-18 14:51:21,301 [INFO] CADModel:165 - CPN selected for project level
2023-06-18 14:51:21,301 [INFO] CADModel:114 - Register for checkConnection events
2023-06-18 14:51:21,301 [FATAL] Updater:308 - Updater called before beeing initialized
2023-06-18 14:51:21,302 [ERROR] CADModel:125 - Updater not yet initialized, retry later 
2023-06-18 14:51:21,307 [FATAL] Updater:308 - Updater called before beeing initialized
2023-06-18 14:51:21,437 [FATAL] Updater:308 - Updater called before beeing initialized
2023-06-18 14:51:21,448 [INFO] DbMcusAds:53 - JSON generation date=Thu Sep 30 15:55:09 JST 2021 (1632984909247)
2023-06-18 14:51:21,448 [FATAL] Updater:308 - Updater called before beeing initialized
2023-06-18 14:51:21,524 [WARN] DetailPanel:346 - Failed to get advertising image, set to default
2023-06-18 14:51:21,757 [FATAL] Updater:308 - Updater called before beeing initialized
2023-06-18 14:51:21,760 [FATAL] Updater:308 - Updater called before beeing initialized
2023-06-18 14:51:21,760 [FATAL] Updater:308 - Updater called before beeing initialized
2023-06-18 14:51:21,760 [WARN] DetailPanel:346 - Failed to get advertising image, set to default
2023-06-18 14:51:21,762 [FATAL] Updater:308 - Updater called before beeing initialized
2023-06-18 14:51:21,816 [ERROR] Updater:1120 - MainUpdater not yet initialized. External WinMGr cannot be set.
2023-06-18 14:51:21,820 [INFO] Updater:1056 - Updater Version found : 6.8.1
2023-06-18 14:51:21,852 [INFO] ApplicationProperties:184 - Using Application install path: /opt/st/stm32cubeide_1.12.1/plugins/com.st.stm32cube.common.mx_6.8.1.202304191431
2023-06-18 14:51:22,156 [INFO] MainUpdater:2854 - connection check result : 10
2023-06-18 14:51:22,157 [INFO] MainUpdater:283 - Updater Check For Update Now.
2023-06-18 14:51:22,159 [INFO] MicroXplorer:498 - Change Database Version : DB.6.0.81
2023-06-18 14:51:22,454 [INFO] CheckServerUpdateThread:120 - End of CheckServer Thread
2023-06-18 14:51:22,608 [INFO] MainUpdater:2854 - connection check result : 10
2023-06-18 14:51:22,612 [INFO] McuFinderGlobals:66 - Set McuFinderConnectedMode to true
2023-06-18 14:51:22,856 [WARN] MainUpdater:1187 - Updater busy. Cannot search thirdparties
2023-06-18 14:51:22,856 [INFO] ThirdPartyUpdaterWithRetryManager:96 - Updater plugin is busy. [1/15]
2023-06-18 14:51:22,963 [INFO] ServerAccessManage:473 - Download File mcusAds.json._tmp_
2023-06-18 14:51:23,082 [INFO] LoadUrlFilesThread:156 - End of LoadUrlFiles Thread
2023-06-18 14:51:24,997 [INFO] ServerAccessManage:473 - Download File cube-finder-db.zip
2023-06-18 14:51:25,857 [WARN] MainUpdater:1187 - Updater busy. Cannot search thirdparties
2023-06-18 14:51:25,857 [INFO] ThirdPartyUpdaterWithRetryManager:96 - Updater plugin is busy. [2/15]
2023-06-18 14:51:28,858 [WARN] MainUpdater:1187 - Updater busy. Cannot search thirdparties
2023-06-18 14:51:28,858 [INFO] ThirdPartyUpdaterWithRetryManager:96 - Updater plugin is busy. [3/15]
2023-06-18 14:51:31,858 [WARN] MainUpdater:1187 - Updater busy. Cannot search thirdparties
2023-06-18 14:51:31,859 [INFO] ThirdPartyUpdaterWithRetryManager:96 - Updater plugin is busy. [4/15]
2023-06-18 14:51:34,650 [INFO] FileExtend:240 - Unzip File : cube-finder-db.zip
2023-06-18 14:51:34,651 [INFO] FileExtend:255 - Standard Zip Deflate
2023-06-18 14:51:34,859 [WARN] MainUpdater:1187 - Updater busy. Cannot search thirdparties
2023-06-18 14:51:34,860 [INFO] ThirdPartyUpdaterWithRetryManager:96 - Updater plugin is busy. [5/15]
2023-06-18 14:51:36,457 [INFO] LoadUrlFilesThread:156 - End of LoadUrlFiles Thread
2023-06-18 14:51:37,860 [WARN] MainUpdater:1187 - Updater busy. Cannot search thirdparties
2023-06-18 14:51:37,860 [INFO] ThirdPartyUpdaterWithRetryManager:96 - Updater plugin is busy. [6/15]
2023-06-18 14:51:37,967 [INFO] ServerAccessManage:473 - Download File crdb.zip
2023-06-18 14:51:39,473 [INFO] FileExtend:240 - Unzip File : crdb.zip
2023-06-18 14:51:39,473 [INFO] FileExtend:255 - Standard Zip Deflate
2023-06-18 14:51:39,631 [INFO] LoadUrlFilesThread:156 - End of LoadUrlFiles Thread
2023-06-18 14:51:39,938 [INFO] ServerAccessManage:473 - Download File tutoVideoDB.zip
2023-06-18 14:51:39,984 [INFO] FileExtend:240 - Unzip File : tutoVideoDB.zip
2023-06-18 14:51:39,985 [INFO] FileExtend:255 - Standard Zip Deflate
2023-06-18 14:51:40,107 [INFO] LoadUrlFilesThread:156 - End of LoadUrlFiles Thread
2023-06-18 14:51:40,115 [WARN] DbFile:41 - Overriding database path with different value: /home/akane/.stmcufinder/plugins/mcufinder/ => /home/akane/.stmcufinder/plugins/mcufinder
2023-06-18 14:51:40,861 [WARN] MainUpdater:1187 - Updater busy. Cannot search thirdparties
2023-06-18 14:51:40,861 [INFO] ThirdPartyUpdaterWithRetryManager:96 - Updater plugin is busy. [7/15]
2023-06-18 14:51:41,010 [INFO] ServerAccessManage:473 - Download File api_config.json
2023-06-18 14:51:41,115 [INFO] LoadUrlFilesThread:156 - End of LoadUrlFiles Thread
2023-06-18 14:51:41,117 [INFO] DbMcusAds:53 - JSON generation date=Tue Mar 07 17:50:55 JST 2023 (1678179055335)
2023-06-18 14:51:41,293 [INFO] ServerAccessManage:473 - Download File 
2023-06-18 14:51:41,329 [INFO] LoadUrlFilesThread:185 - End of LoadServerUrlFiles without Thread
2023-06-18 14:51:41,330 [INFO] TargetSelectorAdapter:259 - Refresh data is successful
2023-06-18 14:51:41,536 [INFO] ApiDb:581 - Connected to CubeFinder SQLite database (/home/akane/.stmcufinder/plugins/mcufinder/mcu/cube-finder-db.db)
2023-06-18 14:51:41,671 [INFO] ApiDb:668 - CubeFinder database Data Model version=2.1
2023-06-18 14:51:41,671 [INFO] ApiDb:669 - CubeFinder database Configuration version=3.0.35
2023-06-18 14:51:41,672 [INFO] ApiDb:670 - CubeFinder database generation date=2023-05-12 (1683877179)
2023-06-18 14:51:41,673 [INFO] ApiDb:671 - CubeFinder database FW Pack versions=[FP-ATR-ASTRA1_V2.0.0, FP-SNS-FLIGHT1_V5.0.0, FP-SNS-MOTENV1_V4.3.0, STM32Cube_FW_C0_V1.0.1, STM32Cube_FW_F0_V1.11.4, STM32Cube_FW_F3_V1.11.4, STM32Cube_FW_F4_V1.27.1, STM32Cube_FW_F7_V1.17.0, STM32Cube_FW_G0_V1.6.1, STM32Cube_FW_G4_V1.5.1, STM32Cube_FW_H5_V0.5.1, STM32Cube_FW_H5_V1.0.0, STM32Cube_FW_H7_V1.11.0, STM32Cube_FW_L0_V1.12.2, STM32Cube_FW_L5_V1.5.0, STM32Cube_FW_U5_V1.2.0, STM32Cube_FW_WBA_V1.0.0, STM32Cube_FW_WBA_V1.0.0RC1, STM32Cube_FW_WBA_V1.0.0RC3, STM32Cube_FW_WB_V1.15.0RC1, STM32Cube_FW_WB_V1.16.0, STM32Cube_FW_WB_V1.16.0RC2, STM32Cube_FW_WL_V1.3.0, X-CUBE-ALGOBUILD_V1.3.0, X-CUBE-ALS_V1.0.1, X-CUBE-AZRTOS-F4_V1.1.0, X-CUBE-AZRTOS-F7_V1.1.0, X-CUBE-AZRTOS-G0_V1.1.0, X-CUBE-AZRTOS-G4_V2.0.0, X-CUBE-AZRTOS-H7_V3.1.0, X-CUBE-AZRTOS-L4_V1.0.0, X-CUBE-AZRTOS-L5_V1.1.0, X-CUBE-AZRTOS-WB_V1.1.0, X-CUBE-AZRTOS-WL_V1.0.0, X-CUBE-BLE1_V6.2.4, X-CUBE-BLE2_V3.3.0, X-CUBE-BLEMGR_V2.0.0, X-CUBE-EEPRMA1_V4.1.0, X-CUBE-FREERTOS_V1.0.1, X-CUBE-GNSS1_V6.0.0, X-CUBE-MEMS1_V9.1.0, X-CUBE-MEMS1_V9.4.0, X-CUBE-MEMS1_V9.6.0, X-CUBE-NFC4_V3.0.0, X-CUBE-NFC7_V1.0.0, X-CUBE-SFXS2LP1_V4.0.0, X-CUBE-SUBG2_V5.0.0]
2023-06-18 14:51:44,197 [WARN] PackLoader:240 - Cannot read IP mode file for STMicroelectronics.X-CUBE-GNSS1.6.0.0
2023-06-18 14:51:44,369 [WARN] PackLoader:240 - Cannot read IP mode file for STMicroelectronics.X-CUBE-AZRTOS-F4.1.1.0
2023-06-18 14:51:44,404 [WARN] PackLoader:240 - Cannot read IP mode file for STMicroelectronics.X-CUBE-SMBUS.2.1.0
2023-06-18 14:51:44,414 [WARN] PackLoader:240 - Cannot read IP mode file for wolfSSL.I-CUBE-wolfSSL.5.6.0
2023-06-18 14:51:44,481 [WARN] PackLoader:240 - Cannot read IP mode file for STMicroelectronics.X-CUBE-AZRTOS-F7.1.1.0
2023-06-18 14:51:44,710 [WARN] PackLoader:240 - Cannot read IP mode file for STMicroelectronics.X-CUBE-MEMS1.9.6.0
2023-06-18 14:51:45,205 [ERROR] RealEvaluatedCondition:428 - Found unsupported composite condition: CLASS='Data Exchange' GROUP='STM32_MetaDataManager'
2023-06-18 14:51:45,206 [ERROR] RealEvaluatedCondition:428 - Found unsupported composite condition: GROUP='STM32_MetaDataManager' CLASS='Data Exchange'
2023-06-18 14:51:45,208 [WARN] PackLoader:240 - Cannot read IP mode file for STMicroelectronics.FP-SNS-MOTENV1.4.3.1
2023-06-18 14:51:45,227 [WARN] PackLoader:240 - Cannot read IP mode file for STMicroelectronics.FP-SNS-FLIGHT1.5.0.1
2023-06-18 14:51:45,241 [WARN] PackLoader:240 - Cannot read IP mode file for STMicroelectronics.X-CUBE-BLE1.6.2.4
2023-06-18 14:51:45,260 [WARN] PackLoader:240 - Cannot read IP mode file for emotas.I-CUBE-CANOPEN.1.1.3
2023-06-18 14:51:45,290 [WARN] PackLoader:240 - Cannot read IP mode file for STMicroelectronics.X-CUBE-BLEMGR.2.0.0
2023-06-18 14:51:45,355 [WARN] ConditionMgr:438 - getConditionDescription Invalid condition id : UX DEVICE CLASS RTOS Condition cause : null
2023-06-18 14:51:45,356 [WARN] ConditionMgr:438 - getConditionDescription Invalid condition id : UX DEVICE CLASS RTOS Condition cause : null
2023-06-18 14:51:45,364 [WARN] PackLoader:240 - Cannot read IP mode file for STMicroelectronics.X-CUBE-AZRTOS-H7.3.1.0
2023-06-18 14:51:45,366 [WARN] ConditionMgr:1039 - genDependencies : Invalid condition id : UX DEVICE CLASS RTOS Condition cause : null
2023-06-18 14:51:45,366 [WARN] ConditionMgr:1039 - genDependencies : Invalid condition id : UX DEVICE CLASS RTOS Condition cause : null
2023-06-18 14:51:45,367 [WARN] ConditionMgr:1039 - genDependencies : Invalid condition id : UX DEVICE CLASS RTOS Condition cause : null
2023-06-18 14:51:45,373 [WARN] ConditionMgr:1039 - genDependencies : Invalid condition id : UX DEVICE CLASS RTOS Condition cause : null
2023-06-18 14:51:45,373 [WARN] ConditionMgr:1039 - genDependencies : Invalid condition id : UX DEVICE CLASS RTOS Condition cause : null
2023-06-18 14:51:45,400 [WARN] PackLoader:240 - Cannot read IP mode file for STMicroelectronics.X-CUBE-DISPLAY.3.0.0
2023-06-18 14:51:45,425 [WARN] PackLoader:240 - Cannot read IP mode file for STMicroelectronics.X-CUBE-NFC7.1.0.1
2023-06-18 14:51:45,442 [WARN] PackLoader:240 - Cannot read IP mode file for STMicroelectronics.X-CUBE-NFC7.1.0.0
2023-06-18 14:51:45,452 [WARN] PackLoader:240 - Cannot read IP mode file for STMicroelectronics.X-CUBE-EEPRMA1.4.1.0
2023-06-18 14:51:45,474 [INFO] LogOutputStream:77 - [STDOUT_REDIRECT] 1 : Invalid condition id : UX_CORESTACK_Condition cause : null
2023-06-18 14:51:45,475 [INFO] LogOutputStream:77 - [STDOUT_REDIRECT] 1 : Invalid condition id : UX_CORESTACK_Condition cause : null
2023-06-18 14:51:45,475 [INFO] LogOutputStream:77 - [STDOUT_REDIRECT] 1 : Invalid condition id : UX_CORESTACK_Condition cause : null
2023-06-18 14:51:45,476 [INFO] LogOutputStream:77 - [STDOUT_REDIRECT] 1 : Invalid condition id : UX_CORESTACK_Condition cause : null
2023-06-18 14:51:45,476 [INFO] LogOutputStream:77 - [STDOUT_REDIRECT] 1 : Invalid condition id : UX_CORESTACK_Condition cause : null
2023-06-18 14:51:45,481 [WARN] PackLoader:240 - Cannot read IP mode file for STMicroelectronics.X-CUBE-AZRTOS-WL.2.0.0
2023-06-18 14:51:45,517 [WARN] ConditionMgr:438 - getConditionDescription Invalid condition id : LAN8742 Phy interface Condition cause : null
2023-06-18 14:51:45,518 [WARN] PackLoader:240 - Cannot read IP mode file for STMicroelectronics.X-CUBE-AZRTOS-L4.2.0.0
2023-06-18 14:51:45,522 [WARN] ConditionMgr:1039 - genDependencies : Invalid condition id : LAN8742 Phy interface Condition cause : null
2023-06-18 14:51:45,522 [WARN] ConditionMgr:1039 - genDependencies : Invalid condition id : LAN8742 Phy interface Condition cause : null
2023-06-18 14:51:45,523 [WARN] ConditionMgr:1039 - genDependencies : Invalid condition id : LAN8742 Phy interface Condition cause : null
2023-06-18 14:51:45,543 [WARN] PackLoader:240 - Cannot read IP mode file for WES.I-CUBE-Cesium.1.3.0
2023-06-18 14:51:45,556 [WARN] PackLoader:240 - Cannot read IP mode file for STMicroelectronics.X-CUBE-SFXS2LP1.4.0.0
2023-06-18 14:51:45,596 [WARN] PackLoader:240 - Cannot read IP mode file for STMicroelectronics.X-CUBE-BLE2.3.3.0
2023-06-18 14:51:45,610 [WARN] PackLoader:240 - Cannot read IP mode file for STMicroelectronics.X-CUBE-ISPU.1.1.0
2023-06-18 14:51:45,616 [WARN] PackLoader:240 - Cannot read IP mode file for STMicroelectronics.X-CUBE-FREERTOS.1.0.1
2023-06-18 14:51:45,623 [WARN] PackLoader:240 - Cannot read IP mode file for STMicroelectronics.X-CUBE-TOUCHGFX.4.21.4
2023-06-18 14:51:45,631 [WARN] PackLoader:240 - Cannot read IP mode file for STMicroelectronics.X-CUBE-ALGOBUILD.1.3.0
2023-06-18 14:51:45,659 [WARN] PackLoader:240 - Cannot read IP mode file for STMicroelectronics.X-CUBE-AZRTOS-L5.1.1.0
2023-06-18 14:51:45,686 [WARN] PackLoader:240 - Cannot read IP mode file for STMicroelectronics.X-CUBE-AZRTOS-G0.1.1.0
2023-06-18 14:51:45,694 [WARN] PackLoader:240 - Cannot read IP mode file for STMicroelectronics.X-CUBE-AI.8.0.1
2023-06-18 14:51:45,710 [WARN] PackLoader:240 - Cannot read IP mode file for STMicroelectronics.X-CUBE-SUBG2.5.0.0
2023-06-18 14:51:45,814 [WARN] PackLoader:240 - Cannot read IP mode file for STMicroelectronics.X-CUBE-NFC4.3.0.0
2023-06-18 14:51:45,853 [WARN] PackLoader:240 - Cannot read IP mode file for STMicroelectronics.X-CUBE-AZRTOS-G4.2.0.0
2023-06-18 14:51:45,876 [WARN] PackLoader:240 - Cannot read IP mode file for STMicroelectronics.X-CUBE-TOF1.3.3.0
2023-06-18 14:51:45,919 [WARN] PackLoader:240 - Cannot read IP mode file for STMicroelectronics.FP-ATR-SIGFOX1.3.2.0
2023-06-18 14:51:45,943 [WARN] PackLoader:240 - Cannot read IP mode file for portGmbH.I-Cube-SoM-uGOAL.1.1.0
2023-06-18 14:51:45,960 [WARN] PackLoader:240 - Cannot read IP mode file for STMicroelectronics.X-CUBE-ALS.1.0.1
2023-06-18 14:51:45,997 [WARN] PackLoader:240 - Cannot read IP mode file for STMicroelectronics.X-CUBE-AZRTOS-WB.1.1.0
2023-06-18 14:51:46,093 [WARN] PackLoader:240 - Cannot read IP mode file for SEGGER.I-CUBE-embOS.1.3.1
2023-06-18 14:51:46,228 [WARN] PackLoader:240 - Cannot read IP mode file for STMicroelectronics.FP-ATR-ASTRA1.2.0.0
2023-06-18 14:51:46,229 [INFO] ThirdParty:978 - Integrity check success = true
2023-06-18 14:51:46,229 [INFO] IntegrityCheckThread:100 - exiting critical section [integrity check]
2023-06-18 14:51:46,230 [INFO] IntegrityCheckThread:103 - End integrity checks thread
2023-06-18 14:51:46,686 [INFO] ApiDb:240 - Found 297 in-development CPN: [B-G473E-ZEST1S, B-WB1M-WPAN1, B-WL5M-SUBG1, NUCLEO-C031C6, NUCLEO-H503RB, NUCLEO-H563ZI, NUCLEO-U545RE-Q, NUCLEO-U5A5ZJ-Q, NUCLEO-WBA52CG, STEVAL-PROTEUS1, STEVAL-STWINBX1, STM320518-EVAL, STM32C0116-DK, STM32C011D6Y3TR, STM32C011D6Y6TR, STM32C011F4P3, STM32C011F4P6, STM32C011F4U3, STM32C011F4U6TR, STM32C011F6P3, STM32C011F6P6, STM32C011F6U3, STM32C011F6U6TR, STM32C011J4M3, STM32C011J4M6, STM32C011J6M3, STM32C011J6M6, STM32C0316-DK, STM32C031C4T3, STM32C031C4T6, STM32C031C4U3, STM32C031C4U6, STM32C031C6T3, STM32C031C6T6, STM32C031C6U3, STM32C031C6U6, STM32C031F4P3, STM32C031F4P6, STM32C031F6P3, STM32C031F6P6, STM32C031G4U3, STM32C031G4U6, STM32C031G6U3, STM32C031G6U6, STM32C031K4T3, STM32C031K4T6, STM32C031K4U3, STM32C031K4U6, STM32C031K6T3, STM32C031K6T6, STM32C031K6U3, STM32C031K6U6, STM32G071K8TXN, STM32G071K8UXN, STM32G081GBU6N, STM32G081KBT6N, STM32G081KBUXN, STM32G0B1CCT6N, STM32G0B1KCT6, STM32G0B1NEY6TR, STM32G0B1RCT6N, STM32G0C1CCT6, STM32G0C1CCT6N, STM32G0C1CCU6N, STM32G0C1CET6N, STM32G0C1CEU6N, STM32G0C1KCT6, STM32G0C1NEY6TR, STM32G0C1RCI6N, STM32G0C1RCT6N, STM32G0C1REI6N, STM32G0C1RET6N, STM32G0C1VCI6, STM32G0C1VEI6, STM32G471CCT6, STM32G471CCU6, STM32G471CET3, STM32G471CET6, STM32G471CEU3, STM32G471CEU6, STM32G471MCT6, STM32G471MET3, STM32G471MET6, STM32G471MEY6TR, STM32G471QCT6, STM32G471QET3, STM32G471RCT6, STM32G471RET3, STM32G471RET6, STM32G471VCH6, STM32G471VCI6, STM32G471VCT6, STM32G471VEH3, STM32G471VEH6, STM32G471VEI3, STM32G471VEI6, STM32G471VET3, STM32G471VET6, STM32G474CCT6, STM32H503CBT6, STM32H503CBU6, STM32H503EBY6TR, STM32H503KBU6, STM32H503RBT6, STM32H562AGI6, STM32H562AII6, STM32H562IGK6, STM32H562IGT6, STM32H562IIK6, STM32H562IIT6, STM32H562RGT6, STM32H562RGV6, STM32H562RIT6, STM32H562RIV6, STM32H562VGT6, STM32H562VIT6, STM32H562ZGT6, STM32H562ZIT6, STM32H563AGI6, STM32H563AII3Q, STM32H563AII6, STM32H563IGK6, STM32H563IGT6, STM32H563IIK3Q, STM32H563IIK6, STM32H563IIT3Q, STM32H563IIT6, STM32H563MIY3QTR, STM32H563RGT6, STM32H563RGV6, STM32H563RIT6, STM32H563RIV6, STM32H563VGT6, STM32H563VIT3Q, STM32H563VIT6, STM32H563ZGT6, STM32H563ZIT3Q, STM32H563ZIT6, STM32H573AII3Q, STM32H573AII6, STM32H573I-DK, STM32H573IIK3Q, STM32H573IIK6, STM32H573IIT3Q, STM32H573IIT6, STM32H573MIY3QTR, STM32H573RIT6, STM32H573RIV6, STM32H573VIT3Q, STM32H573VIT6, STM32H573ZIT3Q, STM32H573ZIT6, STM32L4R5QGI6STR, STM32MP131AAE3, STM32MP131AAF3, STM32MP131AAG3, STM32MP131CAE3, STM32MP131CAF3, STM32MP131CAG3, STM32MP131DAE7, STM32MP131DAF7, STM32MP131DAG7, STM32MP131FAE7, STM32MP131FAF7, STM32MP131FAG7, STM32MP133AAE3, STM32MP133AAF3, STM32MP133AAG3, STM32MP133CAE3, STM32MP133CAF3, STM32MP133CAG3, STM32MP133DAE7, STM32MP133DAF7, STM32MP133DAG7, STM32MP133FAE7, STM32MP133FAF7, STM32MP133FAG7, STM32MP135AAE3, STM32MP135AAF3, STM32MP135AAG3, STM32MP135CAE3, STM32MP135CAF3, STM32MP135CAG3, STM32MP135DAE7, STM32MP135DAF7, STM32MP135DAG7, STM32MP135F-DK, STM32MP135FAE7, STM32MP135FAF7, STM32MP135FAF7T, STM32MP135FAF7U, STM32MP135FAG7, STM32U535CBT6, STM32U535CBT6Q, STM32U535CBU6, STM32U535CBU6Q, STM32U535CCT6, STM32U535CCT6Q, STM32U535CCU6, STM32U535CCU6Q, STM32U535CET6, STM32U535CET6Q, STM32U535CEU6, STM32U535CEU6Q, STM32U535JEY6QTR, STM32U535NCY6QTR, STM32U535NEY6QTR, STM32U535RBI6, STM32U535RBI6Q, STM32U535RBT6, STM32U535RBT6Q, STM32U535RCI6, STM32U535RCI6Q, STM32U535RCT6, STM32U535RCT6Q, STM32U535REI6, STM32U535REI6Q, STM32U535RET6, STM32U535RET6Q, STM32U535VCI6, STM32U535VCI6Q, STM32U535VCT6, STM32U535VCT6Q, STM32U535VEI6, STM32U535VEI6Q, STM32U535VET6, STM32U535VET6Q, STM32U545CET6, STM32U545CET6Q, STM32U545CEU6, STM32U545CEU6Q, STM32U545JEY6QTR, STM32U545NEY6QTR, STM32U545REI6, STM32U545REI6Q, STM32U545RET6, STM32U545RET6Q, STM32U545VEI6, STM32U545VEI6Q, STM32U545VET6, STM32U545VET6Q, STM32U595AIH6, STM32U595AIH6Q, STM32U595AJH6, STM32U595AJH6Q, STM32U595QII6, STM32U595QII6Q, STM32U595QJI6, STM32U595QJI6Q, STM32U595RIT6, STM32U595RIT6Q, STM32U595RJT6, STM32U595RJT6Q, STM32U595VIT6, STM32U595VIT6Q, STM32U595VJT6, STM32U595VJT6Q, STM32U595ZIT6, STM32U595ZIT6Q, STM32U595ZIY6QTR, STM32U595ZJT6, STM32U595ZJT6Q, STM32U595ZJY6QTR, STM32U599BJY6QTR, STM32U599NIH6Q, STM32U599NJH6Q, STM32U599VIT6Q, STM32U599VJT6, STM32U599VJT6Q, STM32U599ZIT6Q, STM32U599ZIY6QTR, STM32U599ZJT6Q, STM32U599ZJY6QTR, STM32U5A5AJH6, STM32U5A5AJH6Q, STM32U5A5QJI6, STM32U5A5QJI6Q, STM32U5A5RJT6, STM32U5A5RJT6Q, STM32U5A5VJT6, STM32U5A5VJT6Q, STM32U5A5ZJT6, STM32U5A5ZJT6Q, STM32U5A5ZJY6QTR, STM32U5A9BJY6QTR, STM32U5A9J-DK, STM32U5A9NJH6Q, STM32U5A9VJT6Q, STM32U5A9ZJT6Q, STM32U5A9ZJY6QTR, STM32WB1MMCH6, STM32WBA52CEU6, STM32WBA52CEU6T, STM32WBA52CGU6, STM32WBA52CGU6T, STM32WL5MOCH6, STM32WL5MOCH6TR]
2023-06-18 14:51:46,712 [INFO] DbMcus:216 - Found 3775 MCUs, 3775 are supported
2023-06-18 14:51:46,713 [INFO] ApiDb:414 - User favorites file not found: /home/akane/.stm32cubeide/favorites.mcus.txt
2023-06-18 14:51:46,714 [INFO] DbMcus:222 - Set 0 / 0 favorites MCUs
2023-06-18 14:51:47,919 [INFO] ApiDb:668 - CubeFinder database Data Model version=2.1
2023-06-18 14:51:47,919 [INFO] ApiDb:669 - CubeFinder database Configuration version=3.0.35
2023-06-18 14:51:47,919 [INFO] ApiDb:670 - CubeFinder database generation date=2023-05-12 (1683877179)
2023-06-18 14:51:47,919 [INFO] ApiDb:671 - CubeFinder database FW Pack versions=[FP-ATR-ASTRA1_V2.0.0, FP-SNS-FLIGHT1_V5.0.0, FP-SNS-MOTENV1_V4.3.0, STM32Cube_FW_C0_V1.0.1, STM32Cube_FW_F0_V1.11.4, STM32Cube_FW_F3_V1.11.4, STM32Cube_FW_F4_V1.27.1, STM32Cube_FW_F7_V1.17.0, STM32Cube_FW_G0_V1.6.1, STM32Cube_FW_G4_V1.5.1, STM32Cube_FW_H5_V0.5.1, STM32Cube_FW_H5_V1.0.0, STM32Cube_FW_H7_V1.11.0, STM32Cube_FW_L0_V1.12.2, STM32Cube_FW_L5_V1.5.0, STM32Cube_FW_U5_V1.2.0, STM32Cube_FW_WBA_V1.0.0, STM32Cube_FW_WBA_V1.0.0RC1, STM32Cube_FW_WBA_V1.0.0RC3, STM32Cube_FW_WB_V1.15.0RC1, STM32Cube_FW_WB_V1.16.0, STM32Cube_FW_WB_V1.16.0RC2, STM32Cube_FW_WL_V1.3.0, X-CUBE-ALGOBUILD_V1.3.0, X-CUBE-ALS_V1.0.1, X-CUBE-AZRTOS-F4_V1.1.0, X-CUBE-AZRTOS-F7_V1.1.0, X-CUBE-AZRTOS-G0_V1.1.0, X-CUBE-AZRTOS-G4_V2.0.0, X-CUBE-AZRTOS-H7_V3.1.0, X-CUBE-AZRTOS-L4_V1.0.0, X-CUBE-AZRTOS-L5_V1.1.0, X-CUBE-AZRTOS-WB_V1.1.0, X-CUBE-AZRTOS-WL_V1.0.0, X-CUBE-BLE1_V6.2.4, X-CUBE-BLE2_V3.3.0, X-CUBE-BLEMGR_V2.0.0, X-CUBE-EEPRMA1_V4.1.0, X-CUBE-FREERTOS_V1.0.1, X-CUBE-GNSS1_V6.0.0, X-CUBE-MEMS1_V9.1.0, X-CUBE-MEMS1_V9.4.0, X-CUBE-MEMS1_V9.6.0, X-CUBE-NFC4_V3.0.0, X-CUBE-NFC7_V1.0.0, X-CUBE-SFXS2LP1_V4.0.0, X-CUBE-SUBG2_V5.0.0]
2023-06-18 14:51:47,993 [INFO] DbBoardsSqlite:226 - include board P-NUCLEO-WB55-NUCLEO as a kit item of type 'Nucleo-64'
2023-06-18 14:51:47,993 [INFO] DbBoardsSqlite:226 - include board P-NUCLEO-WB55-USBDONGLE as a kit item of type 'Nucleo USB Dongle'
2023-06-18 14:51:47,993 [INFO] DbBoardsSqlite:226 - include board STEVAL-IDP005V1 as a kit item of type 'Evaluation Board'
2023-06-18 14:51:47,994 [INFO] DbBoardsSqlite:226 - include board STEVAL-IDP005V2 as a kit item of type 'Evaluation Board'
2023-06-18 14:51:48,045 [INFO] ApiDb:240 - Found 297 in-development CPN: [B-G473E-ZEST1S, B-WB1M-WPAN1, B-WL5M-SUBG1, NUCLEO-C031C6, NUCLEO-H503RB, NUCLEO-H563ZI, NUCLEO-U545RE-Q, NUCLEO-U5A5ZJ-Q, NUCLEO-WBA52CG, STEVAL-PROTEUS1, STEVAL-STWINBX1, STM320518-EVAL, STM32C0116-DK, STM32C011D6Y3TR, STM32C011D6Y6TR, STM32C011F4P3, STM32C011F4P6, STM32C011F4U3, STM32C011F4U6TR, STM32C011F6P3, STM32C011F6P6, STM32C011F6U3, STM32C011F6U6TR, STM32C011J4M3, STM32C011J4M6, STM32C011J6M3, STM32C011J6M6, STM32C0316-DK, STM32C031C4T3, STM32C031C4T6, STM32C031C4U3, STM32C031C4U6, STM32C031C6T3, STM32C031C6T6, STM32C031C6U3, STM32C031C6U6, STM32C031F4P3, STM32C031F4P6, STM32C031F6P3, STM32C031F6P6, STM32C031G4U3, STM32C031G4U6, STM32C031G6U3, STM32C031G6U6, STM32C031K4T3, STM32C031K4T6, STM32C031K4U3, STM32C031K4U6, STM32C031K6T3, STM32C031K6T6, STM32C031K6U3, STM32C031K6U6, STM32G071K8TXN, STM32G071K8UXN, STM32G081GBU6N, STM32G081KBT6N, STM32G081KBUXN, STM32G0B1CCT6N, STM32G0B1KCT6, STM32G0B1NEY6TR, STM32G0B1RCT6N, STM32G0C1CCT6, STM32G0C1CCT6N, STM32G0C1CCU6N, STM32G0C1CET6N, STM32G0C1CEU6N, STM32G0C1KCT6, STM32G0C1NEY6TR, STM32G0C1RCI6N, STM32G0C1RCT6N, STM32G0C1REI6N, STM32G0C1RET6N, STM32G0C1VCI6, STM32G0C1VEI6, STM32G471CCT6, STM32G471CCU6, STM32G471CET3, STM32G471CET6, STM32G471CEU3, STM32G471CEU6, STM32G471MCT6, STM32G471MET3, STM32G471MET6, STM32G471MEY6TR, STM32G471QCT6, STM32G471QET3, STM32G471RCT6, STM32G471RET3, STM32G471RET6, STM32G471VCH6, STM32G471VCI6, STM32G471VCT6, STM32G471VEH3, STM32G471VEH6, STM32G471VEI3, STM32G471VEI6, STM32G471VET3, STM32G471VET6, STM32G474CCT6, STM32H503CBT6, STM32H503CBU6, STM32H503EBY6TR, STM32H503KBU6, STM32H503RBT6, STM32H562AGI6, STM32H562AII6, STM32H562IGK6, STM32H562IGT6, STM32H562IIK6, STM32H562IIT6, STM32H562RGT6, STM32H562RGV6, STM32H562RIT6, STM32H562RIV6, STM32H562VGT6, STM32H562VIT6, STM32H562ZGT6, STM32H562ZIT6, STM32H563AGI6, STM32H563AII3Q, STM32H563AII6, STM32H563IGK6, STM32H563IGT6, STM32H563IIK3Q, STM32H563IIK6, STM32H563IIT3Q, STM32H563IIT6, STM32H563MIY3QTR, STM32H563RGT6, STM32H563RGV6, STM32H563RIT6, STM32H563RIV6, STM32H563VGT6, STM32H563VIT3Q, STM32H563VIT6, STM32H563ZGT6, STM32H563ZIT3Q, STM32H563ZIT6, STM32H573AII3Q, STM32H573AII6, STM32H573I-DK, STM32H573IIK3Q, STM32H573IIK6, STM32H573IIT3Q, STM32H573IIT6, STM32H573MIY3QTR, STM32H573RIT6, STM32H573RIV6, STM32H573VIT3Q, STM32H573VIT6, STM32H573ZIT3Q, STM32H573ZIT6, STM32L4R5QGI6STR, STM32MP131AAE3, STM32MP131AAF3, STM32MP131AAG3, STM32MP131CAE3, STM32MP131CAF3, STM32MP131CAG3, STM32MP131DAE7, STM32MP131DAF7, STM32MP131DAG7, STM32MP131FAE7, STM32MP131FAF7, STM32MP131FAG7, STM32MP133AAE3, STM32MP133AAF3, STM32MP133AAG3, STM32MP133CAE3, STM32MP133CAF3, STM32MP133CAG3, STM32MP133DAE7, STM32MP133DAF7, STM32MP133DAG7, STM32MP133FAE7, STM32MP133FAF7, STM32MP133FAG7, STM32MP135AAE3, STM32MP135AAF3, STM32MP135AAG3, STM32MP135CAE3, STM32MP135CAF3, STM32MP135CAG3, STM32MP135DAE7, STM32MP135DAF7, STM32MP135DAG7, STM32MP135F-DK, STM32MP135FAE7, STM32MP135FAF7, STM32MP135FAF7T, STM32MP135FAF7U, STM32MP135FAG7, STM32U535CBT6, STM32U535CBT6Q, STM32U535CBU6, STM32U535CBU6Q, STM32U535CCT6, STM32U535CCT6Q, STM32U535CCU6, STM32U535CCU6Q, STM32U535CET6, STM32U535CET6Q, STM32U535CEU6, STM32U535CEU6Q, STM32U535JEY6QTR, STM32U535NCY6QTR, STM32U535NEY6QTR, STM32U535RBI6, STM32U535RBI6Q, STM32U535RBT6, STM32U535RBT6Q, STM32U535RCI6, STM32U535RCI6Q, STM32U535RCT6, STM32U535RCT6Q, STM32U535REI6, STM32U535REI6Q, STM32U535RET6, STM32U535RET6Q, STM32U535VCI6, STM32U535VCI6Q, STM32U535VCT6, STM32U535VCT6Q, STM32U535VEI6, STM32U535VEI6Q, STM32U535VET6, STM32U535VET6Q, STM32U545CET6, STM32U545CET6Q, STM32U545CEU6, STM32U545CEU6Q, STM32U545JEY6QTR, STM32U545NEY6QTR, STM32U545REI6, STM32U545REI6Q, STM32U545RET6, STM32U545RET6Q, STM32U545VEI6, STM32U545VEI6Q, STM32U545VET6, STM32U545VET6Q, STM32U595AIH6, STM32U595AIH6Q, STM32U595AJH6, STM32U595AJH6Q, STM32U595QII6, STM32U595QII6Q, STM32U595QJI6, STM32U595QJI6Q, STM32U595RIT6, STM32U595RIT6Q, STM32U595RJT6, STM32U595RJT6Q, STM32U595VIT6, STM32U595VIT6Q, STM32U595VJT6, STM32U595VJT6Q, STM32U595ZIT6, STM32U595ZIT6Q, STM32U595ZIY6QTR, STM32U595ZJT6, STM32U595ZJT6Q, STM32U595ZJY6QTR, STM32U599BJY6QTR, STM32U599NIH6Q, STM32U599NJH6Q, STM32U599VIT6Q, STM32U599VJT6, STM32U599VJT6Q, STM32U599ZIT6Q, STM32U599ZIY6QTR, STM32U599ZJT6Q, STM32U599ZJY6QTR, STM32U5A5AJH6, STM32U5A5AJH6Q, STM32U5A5QJI6, STM32U5A5QJI6Q, STM32U5A5RJT6, STM32U5A5RJT6Q, STM32U5A5VJT6, STM32U5A5VJT6Q, STM32U5A5ZJT6, STM32U5A5ZJT6Q, STM32U5A5ZJY6QTR, STM32U5A9BJY6QTR, STM32U5A9J-DK, STM32U5A9NJH6Q, STM32U5A9VJT6Q, STM32U5A9ZJT6Q, STM32U5A9ZJY6QTR, STM32WB1MMCH6, STM32WBA52CEU6, STM32WBA52CEU6T, STM32WBA52CGU6, STM32WBA52CGU6T, STM32WL5MOCH6, STM32WL5MOCH6TR]
2023-06-18 14:51:48,215 [INFO] BoardInfo:880 - No configuration file found for board P-NUCLEO-WB55
2023-06-18 14:51:48,216 [INFO] DbBoards:157 - Kit is not supported: P-NUCLEO-WB55
2023-06-18 14:51:48,220 [INFO] BoardInfo:880 - No configuration file found for board STEVAL-BFA001V1B
2023-06-18 14:51:48,221 [INFO] DbBoards:157 - Kit is not supported: STEVAL-BFA001V1B
2023-06-18 14:51:48,222 [INFO] BoardInfo:880 - No configuration file found for board STEVAL-BFA001V2B
2023-06-18 14:51:48,222 [INFO] DbBoards:157 - Kit is not supported: STEVAL-BFA001V2B
2023-06-18 14:51:48,379 [INFO] DbBoards:161 - Found 187 boards, 184 are supported
2023-06-18 14:51:48,382 [INFO] ApiDb:414 - User favorites file not found: /home/akane/.stm32cubeide/favorites.boards.txt
2023-06-18 14:51:48,382 [INFO] DbBoards:190 - Set 0 / 0 favorites Boards
2023-06-18 14:51:48,385 [INFO] ApiDb:668 - CubeFinder database Data Model version=2.1
2023-06-18 14:51:48,386 [INFO] ApiDb:669 - CubeFinder database Configuration version=3.0.35
2023-06-18 14:51:48,386 [INFO] ApiDb:670 - CubeFinder database generation date=2023-05-12 (1683877179)
2023-06-18 14:51:48,386 [INFO] ApiDb:671 - CubeFinder database FW Pack versions=[FP-ATR-ASTRA1_V2.0.0, FP-SNS-FLIGHT1_V5.0.0, FP-SNS-MOTENV1_V4.3.0, STM32Cube_FW_C0_V1.0.1, STM32Cube_FW_F0_V1.11.4, STM32Cube_FW_F3_V1.11.4, STM32Cube_FW_F4_V1.27.1, STM32Cube_FW_F7_V1.17.0, STM32Cube_FW_G0_V1.6.1, STM32Cube_FW_G4_V1.5.1, STM32Cube_FW_H5_V0.5.1, STM32Cube_FW_H5_V1.0.0, STM32Cube_FW_H7_V1.11.0, STM32Cube_FW_L0_V1.12.2, STM32Cube_FW_L5_V1.5.0, STM32Cube_FW_U5_V1.2.0, STM32Cube_FW_WBA_V1.0.0, STM32Cube_FW_WBA_V1.0.0RC1, STM32Cube_FW_WBA_V1.0.0RC3, STM32Cube_FW_WB_V1.15.0RC1, STM32Cube_FW_WB_V1.16.0, STM32Cube_FW_WB_V1.16.0RC2, STM32Cube_FW_WL_V1.3.0, X-CUBE-ALGOBUILD_V1.3.0, X-CUBE-ALS_V1.0.1, X-CUBE-AZRTOS-F4_V1.1.0, X-CUBE-AZRTOS-F7_V1.1.0, X-CUBE-AZRTOS-G0_V1.1.0, X-CUBE-AZRTOS-G4_V2.0.0, X-CUBE-AZRTOS-H7_V3.1.0, X-CUBE-AZRTOS-L4_V1.0.0, X-CUBE-AZRTOS-L5_V1.1.0, X-CUBE-AZRTOS-WB_V1.1.0, X-CUBE-AZRTOS-WL_V1.0.0, X-CUBE-BLE1_V6.2.4, X-CUBE-BLE2_V3.3.0, X-CUBE-BLEMGR_V2.0.0, X-CUBE-EEPRMA1_V4.1.0, X-CUBE-FREERTOS_V1.0.1, X-CUBE-GNSS1_V6.0.0, X-CUBE-MEMS1_V9.1.0, X-CUBE-MEMS1_V9.4.0, X-CUBE-MEMS1_V9.6.0, X-CUBE-NFC4_V3.0.0, X-CUBE-NFC7_V1.0.0, X-CUBE-SFXS2LP1_V4.0.0, X-CUBE-SUBG2_V5.0.0]
2023-06-18 14:51:49,780 [INFO] DbExamplesSqlite:376 - Ignored 45 examples not supported by CubeIDE
2023-06-18 14:51:49,781 [INFO] DbExamplesSqlite:377 - Found 7342 examples active
2023-06-18 14:51:49,782 [INFO] DbExamplesSqlite:378 - Found 1107 examples obsolete
2023-06-18 14:51:49,782 [INFO] DbExamplesSqlite:379 - Found 0 examples under development
2023-06-18 14:51:49,783 [INFO] DbExamplesSqlite:380 - Found 77 examples not building
2023-06-18 14:51:49,786 [INFO] DbExamples:125 - Found 7374 examples
2023-06-18 14:51:49,809 [INFO] DbExamples:222 - Found 92 boards with related examples
2023-06-18 14:51:49,811 [INFO] DbExamples:235 - Found 78 MCUs with related examples
2023-06-18 14:51:49,839 [INFO] ApiDb:414 - User favorites file not found: /home/akane/.stm32cubeide/favorites.examples.txt
2023-06-18 14:51:49,840 [INFO] DbExamples:250 - Set 0 / 0 favorites Examples
2023-06-18 14:51:50,115 [INFO] McuFinderGlobals:66 - Set McuFinderConnectedMode to true
2023-06-18 14:51:50,151 [INFO] MultiScanPanel:200 - Auto-refresh data requested => check proxy status ongoing
2023-06-18 14:51:50,161 [INFO] FinderPluginLoader:95 - Searching for filters in installed packs
2023-06-18 14:51:53,495 [INFO] LoadUrlFilesThread:185 - End of LoadServerUrlFiles without Thread
2023-06-18 14:51:53,508 [INFO] DetailPanel:341 - Set advertising image to /home/akane/STM32Cube/Repository//en.prom-stm32h5-mcu-finder.jpg
2023-06-18 14:54:37,438 [INFO] McuFinderGlobals:66 - Set McuFinderConnectedMode to true
2023-06-18 14:54:37,448 [INFO] ApiDb:448 - Save user favorites file /home/akane/.stm32cubeide/favorites.mcus.txt: 0 item(s)
2023-06-18 14:54:37,449 [INFO] ApiDb:452 - User favorites MCUs=[]
